[00:12:30] [modloading-worker-0/INFO] ========================================
[00:12:30] [modloading-worker-0/INFO] Minecraft: 1.20.1
[00:12:30] [modloading-worker-0/INFO] Side: client
[00:12:30] [modloading-worker-0/INFO] Development: false
[00:12:30] [modloading-worker-0/INFO] Version: 12.1.785
[00:12:30] [modloading-worker-0/INFO] Loader:
[00:12:30] [modloading-worker-0/INFO] - Forge: 47.3.22
[00:12:30] [modloading-worker-0/INFO] Dependencies:
[00:12:30] [modloading-worker-0/INFO] - Cloth Config: 11.1.136
[00:12:30] [modloading-worker-0/INFO] - Architectury: 9.2.14
[00:12:30] [modloading-worker-0/INFO] Mixin: 0.8.5
[00:12:30] [modloading-worker-0/INFO] OS: Windows 11 10.0 (amd64)
[00:12:30] [modloading-worker-0/INFO] Java: 17.0.13 (Azul Systems, Inc.)
[00:12:30] [modloading-worker-0/INFO] ========================================
[00:12:30] [modloading-worker-0/INFO] Mods:
[00:12:30] [modloading-worker-0/INFO] - aa4_atlas: 1.1.0
[00:12:30] [modloading-worker-0/INFO] - accessories: 1.0.0-beta42+1.20.1
[00:12:30] [modloading-worker-0/INFO] - ad_astra: 1.15.19
[00:12:30] [modloading-worker-0/INFO] - ad_astra_rocketed: 1.0.3
[00:12:30] [modloading-worker-0/INFO] - advancednetherite: 2.1.3
[00:12:30] [modloading-worker-0/INFO] - advancementplaques: 1.6.7
[00:12:30] [modloading-worker-0/INFO] - alexsmobs: 1.22.9
[00:12:30] [modloading-worker-0/INFO] - almanac: 1.0.2
[00:12:30] [modloading-worker-0/INFO] - ambientsounds: 6.1.4
[00:12:30] [modloading-worker-0/INFO] - amendments: 1.20-1.2.14
[00:12:30] [modloading-worker-0/INFO] - animation_overhaul: 1.3.1
[00:12:30] [modloading-worker-0/INFO] - antique_atlas: 2.11.01.20
[00:12:30] [modloading-worker-0/INFO] - appleskin: 2.5.1+mc1.20.1
[00:12:30] [modloading-worker-0/INFO] - architectury: 9.2.14
[00:12:30] [modloading-worker-0/INFO] - astemirlib: 1.11
[00:12:30] [modloading-worker-0/INFO] - athena: 3.1.2
[00:12:30] [modloading-worker-0/INFO] - balm: 7.3.11
[00:12:30] [modloading-worker-0/INFO] - betterf3: 7.0.2
[00:12:30] [modloading-worker-0/INFO] - betterthirdperson: 1.9.0
[00:12:30] [modloading-worker-0/INFO] - bookshelf: 20.2.13
[00:12:30] [modloading-worker-0/INFO] - botarium: 2.3.4
[00:12:30] [modloading-worker-0/INFO] - carryon: 2.1.2.7
[00:12:30] [modloading-worker-0/INFO] - cfwinfo: 1.2.0
[00:12:30] [modloading-worker-0/INFO] - chat_heads: 0.13.9
[00:12:30] [modloading-worker-0/INFO] - cherishedworlds: 6.1.7+1.20.1
[00:12:30] [modloading-worker-0/INFO] - chipped: 3.0.7
[00:12:30] [modloading-worker-0/INFO] - citadel: 2.6.1
[00:12:30] [modloading-worker-0/INFO] - cloth_config: 11.1.136
[00:12:30] [modloading-worker-0/INFO] - clumps: 12.0.0.4
[00:12:30] [modloading-worker-0/INFO] - conditional_mixin: 0.6.2
[00:12:30] [modloading-worker-0/INFO] - connectormod: 1.0.0-beta.46+1.20.1
[00:12:30] [modloading-worker-0/INFO] - continuity: 3.0.01.20.1.forge
[00:12:30] [modloading-worker-0/INFO] - controlling: 12.0.2
[00:12:30] [modloading-worker-0/INFO] - coroutil: 1.20.1-1.3.7
[00:12:30] [modloading-worker-0/INFO] - create: 0.5.1.j
[00:12:30] [modloading-worker-0/INFO] - create_armor_trims: 2.0.1
[00:12:30] [modloading-worker-0/INFO] - create_jetpack: 4.3.2
[00:12:30] [modloading-worker-0/INFO] - create_militarized: 1.0.0
[00:12:30] [modloading-worker-0/INFO] - create_more_additions: 1.3.0
[00:12:30] [modloading-worker-0/INFO] - create_sa: 2.0.6
[00:12:30] [modloading-worker-0/INFO] - create_tutorial_books: 1.0.6
[00:12:30] [modloading-worker-0/INFO] - createaddition: 1.20.1-1.2.5
[00:12:30] [modloading-worker-0/INFO] - creategoggles: 0.5.6
[00:12:30] [modloading-worker-0/INFO] - creativecore: 2.12.30
[00:12:30] [modloading-worker-0/INFO] - ctov: 3.4.11
[00:12:30] [modloading-worker-0/INFO] - dawnera: 0.58.91
[00:12:30] [modloading-worker-0/INFO] - dawnera_delight: 0.0.1
[00:12:30] [modloading-worker-0/INFO] - dynamic_fps: 3.7.7
[00:12:30] [modloading-worker-0/INFO] - dynamiccrosshair: 9.3
[00:12:30] [modloading-worker-0/INFO] - dynamiccrosshairapi: 1.1
[00:12:30] [modloading-worker-0/INFO] - easyanvils: 8.0.2
[00:12:30] [modloading-worker-0/INFO] - easymagic: 8.0.1
[00:12:30] [modloading-worker-0/INFO] - easyshulkerboxes: 8.0.2
[00:12:30] [modloading-worker-0/INFO] - embeddium: 0.3.31+mc1.20.1
[00:12:30] [modloading-worker-0/INFO] - enchdesc: 17.1.19
[00:12:30] [modloading-worker-0/INFO] - ends_delight: 2.5
[00:12:30] [modloading-worker-0/INFO] - entity_model_features: 2.4.1
[00:12:30] [modloading-worker-0/INFO] - entity_texture_features: 6.2.9
[00:12:30] [modloading-worker-0/INFO] - entityculling: 1.7.2
[00:12:30] [modloading-worker-0/INFO] - exposure: 1.7.7
[00:12:30] [modloading-worker-0/INFO] - fabric_api: 0.92.2+1.11.9+1.20.1
[00:12:30] [modloading-worker-0/INFO] - fabric_api_base: 0.4.31+ef105b4977
[00:12:30] [modloading-worker-0/INFO] - fabric_api_lookup_api_v1: 1.6.36+67f9824077
[00:12:30] [modloading-worker-0/INFO] - fabric_biome_api_v1: 13.0.13+dc36698e77
[00:12:30] [modloading-worker-0/INFO] - fabric_block_api_v1: 1.0.11+0e6cb7f777
[00:12:30] [modloading-worker-0/INFO] - fabric_block_view_api_v2: 1.0.1+0767707077
[00:12:30] [modloading-worker-0/INFO] - fabric_blockrenderlayer_v1: 1.1.41+1d0da21e77
[00:12:30] [modloading-worker-0/INFO] - fabric_client_tags_api_v1: 1.1.2+5d6761b877
[00:12:30] [modloading-worker-0/INFO] - fabric_command_api_v1: 1.2.34+f71b366f77
[00:12:30] [modloading-worker-0/INFO] - fabric_command_api_v2: 2.2.13+561530ec77
[00:12:30] [modloading-worker-0/INFO] - fabric_content_registries_v0: 4.0.11+a670df1e77
[00:12:30] [modloading-worker-0/INFO] - fabric_convention_tags_v1: 1.5.5+fa3d1c0177
[00:12:30] [modloading-worker-0/INFO] - fabric_data_attachment_api_v1: 1.0.0+30ef839e77
[00:12:30] [modloading-worker-0/INFO] - fabric_data_generation_api_v1: 12.3.4+369cb3a477
[00:12:30] [modloading-worker-0/INFO] - fabric_dimensions_v1: 2.1.54+8005d10d77
[00:12:30] [modloading-worker-0/INFO] - fabric_entity_events_v1: 1.6.0+6274ab9d77
[00:12:30] [modloading-worker-0/INFO] - fabric_events_interaction_v0: 0.6.2+0d0bd5a777
[00:12:30] [modloading-worker-0/INFO] - fabric_game_rule_api_v1: 1.0.40+683d4da877
[00:12:30] [modloading-worker-0/INFO] - fabric_item_api_v1: 2.1.28+4d0bbcfa77
[00:12:30] [modloading-worker-0/INFO] - fabric_item_group_api_v1: 4.0.12+c9161c2d77
[00:12:30] [modloading-worker-0/INFO] - fabric_key_binding_api_v1: 1.0.37+561530ec77
[00:12:30] [modloading-worker-0/INFO] - fabric_lifecycle_events_v1: 2.2.22+afab492177
[00:12:30] [modloading-worker-0/INFO] - fabric_loot_api_v2: 1.2.1+eb28f93e77
[00:12:30] [modloading-worker-0/INFO] - fabric_message_api_v1: 5.1.9+52cc178c77
[00:12:30] [modloading-worker-0/INFO] - fabric_mining_level_api_v1: 2.1.50+561530ec77
[00:12:30] [modloading-worker-0/INFO] - fabric_model_loading_api_v1: 1.0.3+6274ab9d77
[00:12:30] [modloading-worker-0/INFO] - fabric_models_v0: 0.4.2+7c3892a477
[00:12:30] [modloading-worker-0/INFO] - fabric_networking_api_v1: 1.3.11+503a202477
[00:12:30] [modloading-worker-0/INFO] - fabric_object_builder_api_v1: 11.1.3+2174fc8477
[00:12:30] [modloading-worker-0/INFO] - fabric_particles_v1: 1.1.2+78e1ecb877
[00:12:30] [modloading-worker-0/INFO] - fabric_recipe_api_v1: 1.0.21+514a076577
[00:12:30] [modloading-worker-0/INFO] - fabric_registry_sync_v0: 2.3.3+1c0ea72177
[00:12:30] [modloading-worker-0/INFO] - fabric_renderer_api_v1: 3.2.1+cf68abbe77
[00:12:30] [modloading-worker-0/INFO] - fabric_renderer_indigo: 1.5.2+b5b2da4177
[00:12:30] [modloading-worker-0/INFO] - fabric_rendering_data_attachment_v1: 0.3.37+a6081afc77
[00:12:30] [modloading-worker-0/INFO] - fabric_rendering_fluids_v1: 3.0.28+4ac5e37a77
[00:12:30] [modloading-worker-0/INFO] - fabric_rendering_v1: 3.0.8+66e9a48f77
[00:12:30] [modloading-worker-0/INFO] - fabric_resource_conditions_api_v1: 2.3.8+9ad825cd77
[00:12:30] [modloading-worker-0/INFO] - fabric_resource_loader_v0: 0.11.10+bcd08ed377
[00:12:30] [modloading-worker-0/INFO] - fabric_screen_api_v1: 2.0.8+45a670a577
[00:12:30] [modloading-worker-0/INFO] - fabric_screen_handler_api_v1: 1.3.30+561530ec77
[00:12:30] [modloading-worker-0/INFO] - fabric_sound_api_v1: 1.0.13+4f23bd8477
[00:12:30] [modloading-worker-0/INFO] - fabric_transfer_api_v1: 3.3.5+631c9cd677
[00:12:30] [modloading-worker-0/INFO] - fabric_transitive_access_wideners_v1: 4.3.1+1880499877
[00:12:30] [modloading-worker-0/INFO] - farmersdelight: 1.20.1-1.2.6
[00:12:30] [modloading-worker-0/INFO] - fastload: 3.4.0
[00:12:30] [modloading-worker-0/INFO] - ferritecore: 6.0.1
[00:12:30] [modloading-worker-0/INFO] - firstperson: 2.4.8
[00:12:30] [modloading-worker-0/INFO] - flib: 0.0.14
[00:12:30] [modloading-worker-0/INFO] - flightlib: 2.1.0
[00:12:30] [modloading-worker-0/INFO] - flywheel: 0.6.11-13
[00:12:30] [modloading-worker-0/INFO] - folk_sisby_kaleido_config: 0.3.11.3.2
[00:12:30] [modloading-worker-0/INFO] - forge: 47.3.22
[00:12:30] [modloading-worker-0/INFO] - fossilsorigins: 1.0.0
[00:12:30] [modloading-worker-0/INFO] - fzzy_config: 0.6.2+1.20.1+forge
[00:12:30] [modloading-worker-0/INFO] - geckoanimfix: 1.0.0
[00:12:30] [modloading-worker-0/INFO] - geckolib: 4.7
[00:12:30] [modloading-worker-0/INFO] - glitchcore: 0.0.1.1
[00:12:30] [modloading-worker-0/INFO] - highlighter: 1.1.9
[00:12:30] [modloading-worker-0/INFO] - iceberg: 1.1.25
[00:12:30] [modloading-worker-0/INFO] - immediatelyfast: 1.3.3+1.20.4
[00:12:30] [modloading-worker-0/INFO] - immersivelanterns: 1.0.6
[00:12:30] [modloading-worker-0/INFO] - inventoryprofilesnext: 1.10.14
[00:12:30] [modloading-worker-0/INFO] - iron_repair_kits: 2.2
[00:12:30] [modloading-worker-0/INFO] - ironchests: 5.0.2
[00:12:30] [modloading-worker-0/INFO] - ironfurnaces: 4.1.6
[00:12:30] [modloading-worker-0/INFO] - itemborders: 1.2.2
[00:12:30] [modloading-worker-0/INFO] - jade: 11.12.2+forge
[00:12:30] [modloading-worker-0/INFO] - kotlinforforge: 4.11.0
[00:12:30] [modloading-worker-0/INFO] - kuma_api: 20.1.9-SNAPSHOT
[00:12:30] [modloading-worker-0/INFO] - legendarytooltips: 1.4.5
[00:12:30] [modloading-worker-0/INFO] - letmedespawn: 1.4.4
[00:12:30] [modloading-worker-0/INFO] - lexiconfig: 1.3.11
[00:12:30] [modloading-worker-0/INFO] - libbamboo: 2.2
[00:12:30] [modloading-worker-0/INFO] - libipn: 4.0.2
[00:12:30] [modloading-worker-0/INFO] - lithostitched: 1.4
[00:12:30] [modloading-worker-0/INFO] - mcwfurnitures: 3.3.0
[00:12:30] [modloading-worker-0/INFO] - memoryleakfix: 1.1.5
[00:12:30] [modloading-worker-0/INFO] - minecraft: 1.20.1
[00:12:30] [modloading-worker-0/INFO] - mixinextras: 0.4.1
[00:12:30] [modloading-worker-0/INFO] - mixinsquared: 0.1.1
[00:12:30] [modloading-worker-0/INFO] - modelfix: 1.15
[00:12:30] [modloading-worker-0/INFO] - modernfix: 5.20.0+mc1.20.1
[00:12:30] [modloading-worker-0/INFO] - modernfurniture: 0.5.0
[00:12:30] [modloading-worker-0/INFO] - moonlight: 1.20-2.13.51
[00:12:30] [modloading-worker-0/INFO] - mousetweaks: 2.25.1
[00:12:30] [modloading-worker-0/INFO] - mr_dungeons_andtaverns: 3.0.3.f
[00:12:30] [modloading-worker-0/INFO] - mr_farmers_cuttingquark: 1.0.0
[00:12:30] [modloading-worker-0/INFO] - naturescompass: 1.20.1-1.11.2-forge
[00:12:30] [modloading-worker-0/INFO] - necronomicon: 1.6.0
[00:12:30] [modloading-worker-0/INFO] - netherportalfix: 13.0.1
[00:12:30] [modloading-worker-0/INFO] - noisium: 2.3.0+mc1.20-1.20.1
[00:12:30] [modloading-worker-0/INFO] - notenoughanimations: 1.9.1
[00:12:30] [modloading-worker-0/INFO] - nyfsspiders: 2.1.1
[00:12:30] [modloading-worker-0/INFO] - oceansdelight: 1.0.2-1.20
[00:12:30] [modloading-worker-0/INFO] - oculus: 1.8.0
[00:12:30] [modloading-worker-0/INFO] - particle_core: 0.2.5+1.20.1+forge
[00:12:30] [modloading-worker-0/INFO] - particlerain: 1.0.7
[00:12:30] [modloading-worker-0/INFO] - patchouli: 1.20.1-84-FORGE
[00:12:30] [modloading-worker-0/INFO] - playeranimator: 1.0.2-rc1+1.20
[00:12:30] [modloading-worker-0/INFO] - polymorph: 0.49.8+1.20.1
[00:12:30] [modloading-worker-0/INFO] - prism: 1.0.5
[00:12:30] [modloading-worker-0/INFO] - puzzlesaccessapi: 8.0.9
[00:12:30] [modloading-worker-0/INFO] - puzzlesapi: 8.1.6
[00:12:30] [modloading-worker-0/INFO] - puzzleslib: 8.1.25
[00:12:30] [modloading-worker-0/INFO] - quark: 4.0-460
[00:12:30] [modloading-worker-0/INFO] - radium: 0.12.4+git.26c9d8e
[00:12:30] [modloading-worker-0/INFO] - resourcefulconfig: 2.1.2
[00:12:30] [modloading-worker-0/INFO] - resourcefullib: 2.1.29
[00:12:30] [modloading-worker-0/INFO] - rightclickharvest: 3.2.3+1.20.1-forge
[00:12:30] [modloading-worker-0/INFO] - roughlyenoughitems: 12.1.785
[00:12:30] [modloading-worker-0/INFO] - rubidium: 0.7.1
[00:12:30] [modloading-worker-0/INFO] - searchables: 1.0.3
[00:12:30] [modloading-worker-0/INFO] - securitycraft: 1.9.12
[00:12:30] [modloading-worker-0/INFO] - sereneseasons: 9.1.0.0
[00:12:30] [modloading-worker-0/INFO] - shulkerboxtooltip: 4.0.4+1.20.1
[00:12:30] [modloading-worker-0/INFO] - simpleradio: 2.4.6.1
[00:12:30] [modloading-worker-0/INFO] - skinlayers3d: 1.7.4
[00:12:30] [modloading-worker-0/INFO] - sliceanddice: 3.3.0
[00:12:30] [modloading-worker-0/INFO] - sodiumdynamiclights: 1.0.9
[00:12:30] [modloading-worker-0/INFO] - sophisticatedbackpacks: 3.22.2.1172
[00:12:30] [modloading-worker-0/INFO] - sophisticatedcore: 1.1.4.837
[00:12:30] [modloading-worker-0/INFO] - sound_physics_remastered: 1.20.1-1.4.8
[00:12:30] [modloading-worker-0/INFO] - spark: 1.10.53
[00:12:30] [modloading-worker-0/INFO] - spectrelib: 0.13.17+1.20.1
[00:12:30] [modloading-worker-0/INFO] - starlight: 1.1.2+forge.1cda73c
[00:12:30] [modloading-worker-0/INFO] - subtle_effects: 1.8.0
[00:12:30] [modloading-worker-0/INFO] - supplementaries: 1.20-3.1.10
[00:12:30] [modloading-worker-0/INFO] - surveyor: 0.6.261.20
[00:12:30] [modloading-worker-0/INFO] - tacz: 1.1.4-hotfix
[00:12:30] [modloading-worker-0/INFO] - tectonic: 2.4.1
[00:12:30] [modloading-worker-0/INFO] - toms_storage: 1.7.0
[00:12:30] [modloading-worker-0/INFO] - toolstats: 16.0.9
[00:12:30] [modloading-worker-0/INFO] - txnilib: 1.0.21
[00:12:30] [modloading-worker-0/INFO] - valhelsia_core: 1.1.2
[00:12:30] [modloading-worker-0/INFO] - valhelsia_furniture: 1.1.3
[00:12:30] [modloading-worker-0/INFO] - valkyrienskies: 2.3.0-beta.5
[00:12:30] [modloading-worker-0/INFO] - veinmining: 1.5.0+1.20.1
[00:12:30] [modloading-worker-0/INFO] - via_romana: 1.2.4
[00:12:30] [modloading-worker-0/INFO] - visuality: 2.0.2
[00:12:30] [modloading-worker-0/INFO] - visualworkbench: 8.0.0
[00:12:30] [modloading-worker-0/INFO] - voicechat: 1.20.1-2.5.27
[00:12:30] [modloading-worker-0/INFO] - vs_eureka: 1.5.1-beta.3
[00:12:30] [modloading-worker-0/INFO] - waterdripsound: 0.4.0
[00:12:30] [modloading-worker-0/INFO] - waveycapes: 1.4.13
[00:12:30] [modloading-worker-0/INFO] - weather2: 1.20.1-2.8.3
[00:12:30] [modloading-worker-0/INFO] - zeta: 1.0-24
[00:12:30] [modloading-worker-0/INFO] ========================================
[00:12:31] [modloading-worker-0/DEBUG] [REI] Added filtering rule [roughlyenoughitems:search]: INSTANCE
[00:12:31] [modloading-worker-0/DEBUG] [REI] Added filtering rule [roughlyenoughitems:manual]: INSTANCE
[00:12:31] [modloading-worker-0/DEBUG] [REI] Added filtering rule [roughlyenoughitems:basic]: INSTANCE
[00:12:31] [modloading-worker-0/INFO] [REI] Config loaded
[00:12:31] [modloading-worker-0/DEBUG] [REI] Config saved
[00:12:31] [modloading-worker-0/DEBUG] [REI] Config saved
[00:12:31] [modloading-worker-0/DEBUG] [REI] Config saved
[00:12:32] [modloading-worker-0/INFO] [REI] Registered plugin provider NeoAccessoriesClientREIPlugin [accessories] for REIPlugin
[00:12:32] [modloading-worker-0/INFO] [REI] Registered plugin provider REIPlugin [toms_storage] for REIPlugin
[00:12:32] [modloading-worker-0/INFO] [REI] Registered plugin provider ReiIsDumbClientPlugin [ad_astra] for REIPlugin
[00:12:32] [modloading-worker-0/INFO] [REI] Registered plugin provider ReiIsDumbClientPlugin [chipped] for REIPlugin
[00:12:32] [modloading-worker-0/INFO] [REI] Registered plugin provider REICompat [supplementaries] for REIPlugin
[00:12:32] [modloading-worker-0/INFO] [REI] Registered plugin provider DefaultPluginImpl [roughlyenoughitems] for REIServerPlugin
[00:12:32] [modloading-worker-0/INFO] [REI] Registered plugin provider DefaultPluginImpl [roughlyenoughitems] for REIPlugin
[00:12:32] [modloading-worker-0/INFO] [REI] Registered plugin provider DefaultRuntimePlugin [roughlyenoughitems] for REIServerPlugin
[00:12:32] [modloading-worker-0/INFO] [REI] Registered plugin provider DefaultRuntimePlugin [roughlyenoughitems] for REIPlugin
[00:12:32] [modloading-worker-0/INFO] [REI] Registered plugin provider DefaultClientPluginImpl [roughlyenoughitems] for REIClientPlugin
[00:12:32] [modloading-worker-0/INFO] [REI] Registered plugin provider DefaultClientPluginImpl [roughlyenoughitems] for REIPlugin
[00:12:32] [modloading-worker-0/INFO] [REI] Registered plugin provider DefaultClientRuntimePlugin [roughlyenoughitems] for REIClientPlugin
[00:12:32] [modloading-worker-0/INFO] [REI] Registered plugin provider DefaultClientRuntimePlugin [roughlyenoughitems] for REIPlugin
[00:12:32] [modloading-worker-0/DEBUG] [REI] Added filtering rule [roughlyenoughitems:hidden_from_recipe_viewers]: INSTANCE
[00:12:32] [modloading-worker-0/INFO] [REI] Registered plugin provider HideIngredientsFromTagsPlugin [roughlyenoughitems] for REIClientPlugin
[00:12:32] [modloading-worker-0/INFO] [REI] Registered plugin provider HideIngredientsFromTagsPlugin [roughlyenoughitems] for REIPlugin
[00:12:33] [modloading-worker-0/INFO] [REI] Registered plugin provider NeoAccessoriesClientREIPlugin [accessories] for REIClientPlugin
[00:12:33] [modloading-worker-0/INFO] [REI] Registered plugin provider REIPlugin [toms_storage] for REIClientPlugin
[00:12:33] [modloading-worker-0/INFO] [REI] Registered plugin provider ReiIsDumbClientPlugin [ad_astra] for REIClientPlugin
[00:12:33] [modloading-worker-0/INFO] [REI] Registered plugin provider ReiIsDumbClientPlugin [chipped] for REIClientPlugin
[00:12:33] [modloading-worker-0/INFO] [REI] Registered plugin provider REICompat [supplementaries] for REIClientPlugin
[00:17:43] [Render thread/DEBUG] [REI] Player quit, clearing reload tasks!
[00:17:43] [Render thread/DEBUG] [REI] Did not fulfill the request of termination of REI reload tasks because there are no uninterrupted running tasks. This is not an error.
